<?xml version="1.0" encoding="UTF-8"?>
<!-- Generated by org.testng.reporters.JUnitXMLReporter -->
<testsuite ignored="0" hostname="PRASHANTA" failures="0" tests="4" name="Default test" time="0.08" errors="0" timestamp="2025-07-06T10:41:24 IST">
  <testcase classname="maven.Maven_Test" name="create_Test" time="0.009"/>
  <testcase classname="maven.Maven_Test" name="delete_Test" time="0.0"/>
  <testcase classname="maven.Maven_Test" name="demo_Test" time="0.002"/>
  <testcase classname="maven.Maven_Test" name="modify_Test" time="0.002"/>
</testsuite> <!-- Default test -->
