<?xml version="1.0" encoding="UTF-8"?>
<testng-results ignored="0" total="1" passed="1" failed="0" skipped="0">
  <reporter-output>
    <line>
      <![CDATA[Establish the DB connectivity]]>
    </line>
    <line>
      <![CDATA[Pre-condition]]>
    </line>
    <line>
      <![CDATA[Launching the browser]]>
    </line>
    <line>
      <![CDATA[Login action started]]>
    </line>
    <line>
      <![CDATA[Login successful]]>
    </line>
    <line>
      <![CDATA[First Rocstar Automated Test Case]]>
    </line>
    <line>
      <![CDATA[LogOut action started]]>
    </line>
    <line>
      <![CDATA[Logged out successfully]]>
    </line>
    <line>
      <![CDATA[Browser closed]]>
    </line>
    <line>
      <![CDATA[Post-condition]]>
    </line>
    <line>
      <![CDATA[Disconnect DB]]>
    </line>
  </reporter-output>
  <suite started-at="2025-07-08T12:35:52 IST" name="Default suite" finished-at="2025-07-08T12:36:09 IST" duration-ms="16879">
    <groups>
    </groups>
    <test started-at="2025-07-08T12:35:52 IST" name="Default test" finished-at="2025-07-08T12:36:09 IST" duration-ms="16879">
      <class name="com.rocstar.FirstTest">
        <test-method is-config="true" signature="configBeforeSuite()[pri:0, instance:com.rocstar.FirstTest@19e4653c]" started-at="2025-07-08T12:35:52 IST" name="configBeforeSuite" finished-at="2025-07-08T12:35:52 IST" duration-ms="11" status="PASS">
          <reporter-output>
            <line>
              <![CDATA[Establish the DB connectivity]]>
            </line>
          </reporter-output>
        </test-method> <!-- configBeforeSuite -->
        <test-method is-config="true" signature="configBeforeTest()[pri:0, instance:com.rocstar.FirstTest@19e4653c]" started-at="2025-07-08T12:35:52 IST" name="configBeforeTest" finished-at="2025-07-08T12:35:52 IST" duration-ms="1" status="PASS">
          <reporter-output>
            <line>
              <![CDATA[Pre-condition]]>
            </line>
          </reporter-output>
        </test-method> <!-- configBeforeTest -->
        <test-method is-config="true" signature="configBeforeClass()[pri:0, instance:com.rocstar.FirstTest@19e4653c]" started-at="2025-07-08T12:35:52 IST" name="configBeforeClass" finished-at="2025-07-08T12:36:03 IST" duration-ms="11107" status="PASS">
          <reporter-output>
            <line>
              <![CDATA[Launching the browser]]>
            </line>
          </reporter-output>
        </test-method> <!-- configBeforeClass -->
        <test-method is-config="true" signature="configBeforeMethod()[pri:0, instance:com.rocstar.FirstTest@19e4653c]" started-at="2025-07-08T12:36:03 IST" name="configBeforeMethod" finished-at="2025-07-08T12:36:04 IST" duration-ms="454" status="PASS">
          <reporter-output>
            <line>
              <![CDATA[Login action started]]>
            </line>
            <line>
              <![CDATA[Login successful]]>
            </line>
          </reporter-output>
        </test-method> <!-- configBeforeMethod -->
        <test-method signature="First_TestCase()[pri:0, instance:com.rocstar.FirstTest@19e4653c]" started-at="2025-07-08T12:36:04 IST" name="First_TestCase" finished-at="2025-07-08T12:36:09 IST" duration-ms="5016" status="PASS">
          <reporter-output>
            <line>
              <![CDATA[First Rocstar Automated Test Case]]>
            </line>
          </reporter-output>
        </test-method> <!-- First_TestCase -->
        <test-method is-config="true" signature="configAfterMethod()[pri:0, instance:com.rocstar.FirstTest@19e4653c]" started-at="2025-07-08T12:36:09 IST" name="configAfterMethod" finished-at="2025-07-08T12:36:09 IST" duration-ms="160" status="PASS">
          <reporter-output>
            <line>
              <![CDATA[LogOut action started]]>
            </line>
            <line>
              <![CDATA[Logged out successfully]]>
            </line>
          </reporter-output>
        </test-method> <!-- configAfterMethod -->
        <test-method is-config="true" signature="configAfterClass()[pri:0, instance:com.rocstar.FirstTest@19e4653c]" started-at="2025-07-08T12:36:09 IST" name="configAfterClass" finished-at="2025-07-08T12:36:09 IST" duration-ms="86" status="PASS">
          <reporter-output>
            <line>
              <![CDATA[Browser closed]]>
            </line>
          </reporter-output>
        </test-method> <!-- configAfterClass -->
        <test-method is-config="true" signature="configAfterTest()[pri:0, instance:com.rocstar.FirstTest@19e4653c]" started-at="2025-07-08T12:36:09 IST" name="configAfterTest" finished-at="2025-07-08T12:36:09 IST" duration-ms="1" status="PASS">
          <reporter-output>
            <line>
              <![CDATA[Post-condition]]>
            </line>
          </reporter-output>
        </test-method> <!-- configAfterTest -->
        <test-method is-config="true" signature="configAfterSuite()[pri:0, instance:com.rocstar.FirstTest@19e4653c]" started-at="2025-07-08T12:36:09 IST" name="configAfterSuite" finished-at="2025-07-08T12:36:09 IST" duration-ms="0" status="PASS">
          <reporter-output>
            <line>
              <![CDATA[Disconnect DB]]>
            </line>
          </reporter-output>
        </test-method> <!-- configAfterSuite -->
      </class> <!-- com.rocstar.FirstTest -->
    </test> <!-- Default test -->
  </suite> <!-- Default suite -->
</testng-results>
