<?xml version="1.0" encoding="UTF-8"?>
<testng-results ignored="0" total="4" passed="4" failed="0" skipped="0">
  <reporter-output>
    <line>
      <![CDATA[Good Morning]]>
    </line>
    <line>
      <![CDATA[Deleted]]>
    </line>
    <line>
      <![CDATA[Hi]]>
    </line>
    <line>
      <![CDATA[Modified]]>
    </line>
  </reporter-output>
  <suite started-at="2025-07-06T10:41:24 IST" name="Default suite" finished-at="2025-07-06T10:41:24 IST" duration-ms="80">
    <groups>
      <group name="Functional">
        <method signature="Maven_Test.delete_Test()[pri:0, instance:maven.Maven_Test@70e9c95d]" name="delete_Test" class="maven.Maven_Test"/>
      </group> <!-- Functional -->
      <group name="smoke">
        <method signature="Maven_Test.demo_Test()[pri:0, instance:maven.Maven_Test@70e9c95d]" name="demo_Test" class="maven.Maven_Test"/>
        <method signature="Maven_Test.modify_Test()[pri:0, instance:maven.Maven_Test@70e9c95d]" name="modify_Test" class="maven.Maven_Test"/>
      </group> <!-- smoke -->
      <group name="Regression">
        <method signature="Maven_Test.create_Test()[pri:0, instance:maven.Maven_Test@70e9c95d]" name="create_Test" class="maven.Maven_Test"/>
        <method signature="Maven_Test.modify_Test()[pri:0, instance:maven.Maven_Test@70e9c95d]" name="modify_Test" class="maven.Maven_Test"/>
      </group> <!-- Regression -->
    </groups>
    <test started-at="2025-07-06T10:41:24 IST" name="Default test" finished-at="2025-07-06T10:41:24 IST" duration-ms="80">
      <class name="maven.Maven_Test">
        <test-method signature="create_Test()[pri:0, instance:maven.Maven_Test@70e9c95d]" started-at="2025-07-06T10:41:24 IST" name="create_Test" finished-at="2025-07-06T10:41:24 IST" duration-ms="9" status="PASS">
          <reporter-output>
            <line>
              <![CDATA[Good Morning]]>
            </line>
          </reporter-output>
        </test-method> <!-- create_Test -->
        <test-method signature="delete_Test()[pri:0, instance:maven.Maven_Test@70e9c95d]" started-at="2025-07-06T10:41:24 IST" name="delete_Test" finished-at="2025-07-06T10:41:24 IST" duration-ms="0" status="PASS">
          <reporter-output>
            <line>
              <![CDATA[Deleted]]>
            </line>
          </reporter-output>
        </test-method> <!-- delete_Test -->
        <test-method signature="demo_Test()[pri:0, instance:maven.Maven_Test@70e9c95d]" started-at="2025-07-06T10:41:24 IST" name="demo_Test" finished-at="2025-07-06T10:41:24 IST" duration-ms="2" status="PASS">
          <reporter-output>
            <line>
              <![CDATA[Hi]]>
            </line>
          </reporter-output>
        </test-method> <!-- demo_Test -->
        <test-method signature="modify_Test()[pri:0, instance:maven.Maven_Test@70e9c95d]" started-at="2025-07-06T10:41:24 IST" name="modify_Test" finished-at="2025-07-06T10:41:24 IST" duration-ms="2" status="PASS">
          <reporter-output>
            <line>
              <![CDATA[Modified]]>
            </line>
          </reporter-output>
        </test-method> <!-- modify_Test -->
      </class> <!-- maven.Maven_Test -->
    </test> <!-- Default test -->
  </suite> <!-- Default suite -->
</testng-results>
